<?xml version="1.0" encoding="UTF-8"?>
<!-- Generated by org.testng.reporters.JUnitReportReporter -->
<testsuite skipped="0" hostname="EXTAIO0016" name="readExcel.WriteExcel" tests="1" failures="0" timestamp="11 Sep 2017 07:19:24 GMT" time="44.742" errors="0">
  <testcase name="testMethod" time="44.742" classname="readExcel.WriteExcel"/>
</testsuite> <!-- readExcel.WriteExcel -->
