<?xml version="1.0" encoding="UTF-8"?>
<!-- Generated by org.testng.reporters.JUnitReportReporter -->
<testsuite skipped="0" hostname="DESKTOP-F3SQLH0" name="TestCases.Testcases" tests="1" failures="0" timestamp="12 Oct 2017 18:47:03 GMT" time="198.770" errors="0">
  <testcase name="commonCommunities" time="198.770" classname="TestCases.Testcases"/>
</testsuite> <!-- TestCases.Testcases -->
